\BOOKMARK [1][-]{section.1}{Java and Object Oriented Programming}{}% 1
\BOOKMARK [1][-]{section.2}{Markov Decision Process - The Mathematical Model}{}% 2
\BOOKMARK [2][-]{subsection.2.1}{Finite Horizon Problems}{section.2}% 3
\BOOKMARK [2][-]{subsection.2.2}{Infinite Horizon Problems}{section.2}% 4
\BOOKMARK [3][-]{subsubsection.2.2.1}{Discounted Cost}{subsection.2.2}% 5
\BOOKMARK [3][-]{subsubsection.2.2.2}{Total Cost}{subsection.2.2}% 6
\BOOKMARK [3][-]{subsubsection.2.2.3}{Average Cost}{subsection.2.2}% 7
\BOOKMARK [2][-]{subsection.2.3}{Deterministic Dynamic Programming}{section.2}% 8
\BOOKMARK [2][-]{subsection.2.4}{Main modeling elements in MDP}{section.2}% 9
\BOOKMARK [1][-]{section.3}{Framework Design}{}% 10
\BOOKMARK [1][-]{section.4}{Examples}{}% 11
\BOOKMARK [2][-]{subsection.4.1}{Deterministic inventory problem}{section.4}% 12
\BOOKMARK [2][-]{subsection.4.2}{Finite horizon stochastic inventory problem}{section.4}% 13
\BOOKMARK [2][-]{subsection.4.3}{Infinite horizon stochastic inventory problem}{section.4}% 14
\BOOKMARK [1][-]{section.5}{Advanced Features}{}% 15
\BOOKMARK [2][-]{subsection.5.1}{States and Actions}{section.5}% 16
\BOOKMARK [2][-]{subsection.5.2}{Decision Rules and Policies}{section.5}% 17
\BOOKMARK [2][-]{subsection.5.3}{MDP class}{section.5}% 18
\BOOKMARK [2][-]{subsection.5.4}{Solver classes}{section.5}% 19
\BOOKMARK [3][-]{subsubsection.5.4.1}{FiniteSolver}{subsection.5.4}% 20
\BOOKMARK [3][-]{subsubsection.5.4.2}{ValueIterationSolver}{subsection.5.4}% 21
\BOOKMARK [3][-]{subsubsection.5.4.3}{PolicyIterationSolver}{subsection.5.4}% 22
\BOOKMARK [1][-]{section.6}{Further Development}{}% 23
